<?xml version="1.0" encoding="UTF-8"?>
<coverage generated="1674307057788" clover="3.2.0">
  <project timestamp="1674307057788" name="All files">
    <metrics statements="35" coveredstatements="33" conditionals="16" coveredconditionals="13" methods="8" coveredmethods="8" elements="59" coveredelements="54" complexity="0" loc="35" ncloc="35" packages="1" files="4" classes="4"/>
    <file name="designFormat.js" path="/home/shamatarev/Projects/frontend-project-46/src/designFormat.js">
      <metrics statements="1" coveredstatements="1" conditionals="0" coveredconditionals="0" methods="1" coveredmethods="1"/>
      <line num="5" count="4" type="stmt"/>
    </file>
    <file name="designParse.js" path="/home/shamatarev/Projects/frontend-project-46/src/designParse.js">
      <metrics statements="5" coveredstatements="4" conditionals="3" coveredconditionals="2" methods="1" coveredmethods="1"/>
      <line num="5" count="1" type="stmt"/>
      <line num="6" count="4" type="cond" truecount="2" falsecount="1"/>
      <line num="8" count="2" type="stmt"/>
      <line num="10" count="2" type="stmt"/>
      <line num="12" count="0" type="stmt"/>
    </file>
    <file name="designTree.js" path="/home/shamatarev/Projects/frontend-project-46/src/designTree.js">
      <metrics statements="15" coveredstatements="15" conditionals="8" coveredconditionals="7" methods="2" coveredmethods="2"/>
      <line num="4" count="2" type="stmt"/>
      <line num="5" count="2" type="stmt"/>
      <line num="6" count="2" type="stmt"/>
      <line num="12" count="2" type="stmt"/>
      <line num="13" count="10" type="stmt"/>
      <line num="15" count="10" type="stmt"/>
      <line num="17" count="10" type="cond" truecount="2" falsecount="0"/>
      <line num="19" count="2" type="stmt"/>
      <line num="25" count="8" type="cond" truecount="2" falsecount="0"/>
      <line num="27" count="2" type="stmt"/>
      <line num="33" count="6" type="cond" truecount="2" falsecount="0"/>
      <line num="35" count="4" type="stmt"/>
      <line num="41" count="2" type="cond" truecount="1" falsecount="1"/>
      <line num="43" count="2" type="stmt"/>
      <line num="51" count="2" type="stmt"/>
    </file>
    <file name="index.js" path="/home/shamatarev/Projects/frontend-project-46/src/index.js">
      <metrics statements="14" coveredstatements="13" conditionals="5" coveredconditionals="4" methods="4" coveredmethods="4"/>
      <line num="10" count="4" type="stmt"/>
      <line num="12" count="4" type="stmt"/>
      <line num="19" count="2" type="stmt"/>
      <line num="20" count="2" type="stmt"/>
      <line num="23" count="2" type="stmt"/>
      <line num="25" count="2" type="stmt"/>
      <line num="26" count="10" type="stmt"/>
      <line num="27" count="10" type="cond" truecount="4" falsecount="1"/>
      <line num="29" count="2" type="stmt"/>
      <line num="31" count="2" type="stmt"/>
      <line num="33" count="2" type="stmt"/>
      <line num="35" count="4" type="stmt"/>
      <line num="37" count="0" type="stmt"/>
      <line num="40" count="2" type="stmt"/>
    </file>
  </project>
</coverage>
