{"/home/shamatarev/Projects/frontend-project-46/src/designFormat.js": {"path":"/home/shamatarev/Projects/frontend-project-46/src/designFormat.js","statementMap":{"0":{"start":{"line":5,"column":18},"end":{"line":5,"column":76}},"1":{"start":{"line":5,"column":41},"end":{"line":5,"column":76}}},"fnMap":{"0":{"name":"(anonymous_0)","decl":{"start":{"line":5,"column":18},"end":{"line":5,"column":19}},"loc":{"start":{"line":5,"column":41},"end":{"line":5,"column":76}},"line":5}},"branchMap":{"0":{"loc":{"start":{"line":5,"column":19},"end":{"line":5,"column":36}},"type":"default-arg","locations":[{"start":{"line":5,"column":30},"end":{"line":5,"column":36}}],"line":5}},"s":{"0":1,"1":4},"f":{"0":4},"b":{"0":[0]},"_coverageSchema":"1a1c01bbd47fc00a2c39e90264f33305004495a9","hash":"7086892e5fd10060fcdf948b5107d17b7c5bd270"}
,"/home/shamatarev/Projects/frontend-project-46/src/designParse.js": {"path":"/home/shamatarev/Projects/frontend-project-46/src/designParse.js","statementMap":{"0":{"start":{"line":5,"column":18},"end":{"line":14,"column":1}},"1":{"start":{"line":6,"column":2},"end":{"line":13,"column":3}},"2":{"start":{"line":8,"column":6},"end":{"line":8,"column":30}},"3":{"start":{"line":10,"column":6},"end":{"line":10,"column":29}},"4":{"start":{"line":12,"column":6},"end":{"line":12,"column":82}}},"fnMap":{"0":{"name":"(anonymous_0)","decl":{"start":{"line":5,"column":18},"end":{"line":5,"column":19}},"loc":{"start":{"line":5,"column":36},"end":{"line":14,"column":1}},"line":5}},"branchMap":{"0":{"loc":{"start":{"line":6,"column":2},"end":{"line":13,"column":3}},"type":"switch","locations":[{"start":{"line":7,"column":4},"end":{"line":8,"column":30}},{"start":{"line":9,"column":4},"end":{"line":10,"column":29}},{"start":{"line":11,"column":4},"end":{"line":12,"column":82}}],"line":6}},"s":{"0":1,"1":4,"2":4,"3":0,"4":0},"f":{"0":4},"b":{"0":[4,0,0]},"_coverageSchema":"1a1c01bbd47fc00a2c39e90264f33305004495a9","hash":"a273401bc18accd07caa5381a19b86b5775a67ee"}
,"/home/shamatarev/Projects/frontend-project-46/src/designTree.js": {"path":"/home/shamatarev/Projects/frontend-project-46/src/designTree.js","statementMap":{"0":{"start":{"line":4,"column":27},"end":{"line":4,"column":45}},"1":{"start":{"line":5,"column":27},"end":{"line":5,"column":45}},"2":{"start":{"line":6,"column":25},"end":{"line":6,"column":74}},"3":{"start":{"line":12,"column":17},"end":{"line":61,"column":6}},"4":{"start":{"line":13,"column":19},"end":{"line":13,"column":29}},"5":{"start":{"line":14,"column":19},"end":{"line":14,"column":29}},"6":{"start":{"line":18,"column":4},"end":{"line":26,"column":5}},"7":{"start":{"line":21,"column":8},"end":{"line":25,"column":11}},"8":{"start":{"line":27,"column":4},"end":{"line":34,"column":5}},"9":{"start":{"line":29,"column":8},"end":{"line":33,"column":12}},"10":{"start":{"line":35,"column":4},"end":{"line":42,"column":5}},"11":{"start":{"line":37,"column":8},"end":{"line":41,"column":12}},"12":{"start":{"line":43,"column":7},"end":{"line":50,"column":5}},"13":{"start":{"line":45,"column":8},"end":{"line":49,"column":12}},"14":{"start":{"line":51,"column":4},"end":{"line":59,"column":9}},"15":{"start":{"line":53,"column":8},"end":{"line":58,"column":12}},"16":{"start":{"line":63,"column":0},"end":{"line":63,"column":14}}},"fnMap":{"0":{"name":"getIsEqual","decl":{"start":{"line":3,"column":9},"end":{"line":3,"column":19}},"loc":{"start":{"line":3,"column":34},"end":{"line":64,"column":1}},"line":3},"1":{"name":"(anonymous_1)","decl":{"start":{"line":12,"column":34},"end":{"line":12,"column":35}},"loc":{"start":{"line":12,"column":43},"end":{"line":61,"column":5}},"line":12}},"branchMap":{"0":{"loc":{"start":{"line":18,"column":4},"end":{"line":26,"column":5}},"type":"if","locations":[{"start":{"line":18,"column":4},"end":{"line":26,"column":5}},{"start":{},"end":{}}],"line":18},"1":{"loc":{"start":{"line":18,"column":8},"end":{"line":18,"column":58}},"type":"binary-expr","locations":[{"start":{"line":18,"column":8},"end":{"line":18,"column":31}},{"start":{"line":18,"column":35},"end":{"line":18,"column":58}}],"line":18},"2":{"loc":{"start":{"line":27,"column":4},"end":{"line":34,"column":5}},"type":"if","locations":[{"start":{"line":27,"column":4},"end":{"line":34,"column":5}},{"start":{},"end":{}}],"line":27},"3":{"loc":{"start":{"line":35,"column":4},"end":{"line":42,"column":5}},"type":"if","locations":[{"start":{"line":35,"column":4},"end":{"line":42,"column":5}},{"start":{},"end":{}}],"line":35},"4":{"loc":{"start":{"line":43,"column":7},"end":{"line":50,"column":5}},"type":"if","locations":[{"start":{"line":43,"column":7},"end":{"line":50,"column":5}},{"start":{},"end":{}}],"line":43},"5":{"loc":{"start":{"line":51,"column":4},"end":{"line":59,"column":9}},"type":"if","locations":[{"start":{"line":51,"column":4},"end":{"line":59,"column":9}},{"start":{},"end":{}}],"line":51}},"s":{"0":10,"1":10,"2":10,"3":10,"4":36,"5":36,"6":36,"7":8,"8":28,"9":6,"10":22,"11":10,"12":12,"13":4,"14":8,"15":8,"16":10},"f":{"0":10,"1":36},"b":{"0":[8,28],"1":[36,12],"2":[6,22],"3":[10,12],"4":[4,8],"5":[8,0]},"_coverageSchema":"1a1c01bbd47fc00a2c39e90264f33305004495a9","hash":"71bba8ffef6963ad6d2a51248ecebd11c991a4b5"}
,"/home/shamatarev/Projects/frontend-project-46/src/index.js": {"path":"/home/shamatarev/Projects/frontend-project-46/src/index.js","statementMap":{"0":{"start":{"line":18,"column":27},"end":{"line":18,"column":64}},"1":{"start":{"line":18,"column":37},"end":{"line":18,"column":64}},"2":{"start":{"line":20,"column":18},"end":{"line":20,"column":39}},"3":{"start":{"line":21,"column":18},"end":{"line":21,"column":39}},"4":{"start":{"line":26,"column":23},"end":{"line":26,"column":56}},"5":{"start":{"line":27,"column":23},"end":{"line":27,"column":56}},"6":{"start":{"line":32,"column":24},"end":{"line":32,"column":58}},"7":{"start":{"line":36,"column":4},"end":{"line":36,"column":45}}},"fnMap":{"0":{"name":"gendiff","decl":{"start":{"line":16,"column":9},"end":{"line":16,"column":16}},"loc":{"start":{"line":16,"column":51},"end":{"line":37,"column":1}},"line":16},"1":{"name":"(anonymous_1)","decl":{"start":{"line":18,"column":27},"end":{"line":18,"column":28}},"loc":{"start":{"line":18,"column":37},"end":{"line":18,"column":64}},"line":18}},"branchMap":{"0":{"loc":{"start":{"line":16,"column":31},"end":{"line":16,"column":49}},"type":"default-arg","locations":[{"start":{"line":16,"column":40},"end":{"line":16,"column":49}}],"line":16}},"s":{"0":2,"1":4,"2":2,"3":2,"4":2,"5":2,"6":2,"7":2},"f":{"0":2,"1":4},"b":{"0":[0]},"_coverageSchema":"1a1c01bbd47fc00a2c39e90264f33305004495a9","hash":"1f2cfef88da1e905f9637d2afb2feb237cdc0e3b"}
,"/home/shamatarev/Projects/frontend-project-46/src/formaters/index.js": {"path":"/home/shamatarev/Projects/frontend-project-46/src/formaters/index.js","statementMap":{"0":{"start":{"line":7,"column":2},"end":{"line":16,"column":3}},"1":{"start":{"line":9,"column":8},"end":{"line":9,"column":36}},"2":{"start":{"line":11,"column":8},"end":{"line":11,"column":41}},"3":{"start":{"line":13,"column":8},"end":{"line":13,"column":42}},"4":{"start":{"line":15,"column":6},"end":{"line":15,"column":116}}},"fnMap":{"0":{"name":"(anonymous_0)","decl":{"start":{"line":6,"column":15},"end":{"line":6,"column":16}},"loc":{"start":{"line":6,"column":39},"end":{"line":17,"column":1}},"line":6}},"branchMap":{"0":{"loc":{"start":{"line":7,"column":2},"end":{"line":16,"column":3}},"type":"switch","locations":[{"start":{"line":8,"column":4},"end":{"line":9,"column":36}},{"start":{"line":10,"column":4},"end":{"line":11,"column":41}},{"start":{"line":12,"column":4},"end":{"line":13,"column":42}},{"start":{"line":14,"column":4},"end":{"line":15,"column":116}}],"line":7}},"s":{"0":2,"1":1,"2":1,"3":0,"4":0},"f":{"0":2},"b":{"0":[1,1,0,0]},"_coverageSchema":"1a1c01bbd47fc00a2c39e90264f33305004495a9","hash":"e3a684b0fb165ae7c680d2e90b953c11ee8338b4"}
,"/home/shamatarev/Projects/frontend-project-46/src/formaters/plain.js": {"path":"/home/shamatarev/Projects/frontend-project-46/src/formaters/plain.js","statementMap":{"0":{"start":{"line":3,"column":18},"end":{"line":11,"column":1}},"1":{"start":{"line":4,"column":4},"end":{"line":6,"column":5}},"2":{"start":{"line":5,"column":6},"end":{"line":5,"column":31}},"3":{"start":{"line":7,"column":4},"end":{"line":9,"column":5}},"4":{"start":{"line":8,"column":4},"end":{"line":8,"column":23}},"5":{"start":{"line":10,"column":4},"end":{"line":10,"column":24}},"6":{"start":{"line":13,"column":19},"end":{"line":13,"column":91}},"7":{"start":{"line":13,"column":36},"end":{"line":13,"column":90}},"8":{"start":{"line":15,"column":21},"end":{"line":31,"column":6}},"9":{"start":{"line":15,"column":38},"end":{"line":31,"column":6}},"10":{"start":{"line":15,"column":61},"end":{"line":15,"column":86}},"11":{"start":{"line":16,"column":16},"end":{"line":16,"column":25}},"12":{"start":{"line":17,"column":20},"end":{"line":17,"column":42}},"13":{"start":{"line":19,"column":4},"end":{"line":30,"column":7}},"14":{"start":{"line":21,"column":7},"end":{"line":21,"column":65}},"15":{"start":{"line":23,"column":7},"end":{"line":23,"column":111}},"16":{"start":{"line":25,"column":7},"end":{"line":25,"column":85}},"17":{"start":{"line":27,"column":7},"end":{"line":27,"column":50}},"18":{"start":{"line":29,"column":9},"end":{"line":29,"column":60}},"19":{"start":{"line":34,"column":1},"end":{"line":34,"column":51}}},"fnMap":{"0":{"name":"(anonymous_0)","decl":{"start":{"line":3,"column":18},"end":{"line":3,"column":19}},"loc":{"start":{"line":3,"column":28},"end":{"line":11,"column":1}},"line":3},"1":{"name":"(anonymous_1)","decl":{"start":{"line":13,"column":19},"end":{"line":13,"column":20}},"loc":{"start":{"line":13,"column":36},"end":{"line":13,"column":90}},"line":13},"2":{"name":"(anonymous_2)","decl":{"start":{"line":15,"column":21},"end":{"line":15,"column":22}},"loc":{"start":{"line":15,"column":38},"end":{"line":31,"column":6}},"line":15},"3":{"name":"(anonymous_3)","decl":{"start":{"line":15,"column":51},"end":{"line":15,"column":52}},"loc":{"start":{"line":15,"column":61},"end":{"line":15,"column":86}},"line":15},"4":{"name":"(anonymous_4)","decl":{"start":{"line":15,"column":92},"end":{"line":15,"column":93}},"loc":{"start":{"line":15,"column":101},"end":{"line":31,"column":5}},"line":15},"5":{"name":"drowTreePlain","decl":{"start":{"line":33,"column":9},"end":{"line":33,"column":22}},"loc":{"start":{"line":33,"column":36},"end":{"line":35,"column":1}},"line":33}},"branchMap":{"0":{"loc":{"start":{"line":4,"column":4},"end":{"line":6,"column":5}},"type":"if","locations":[{"start":{"line":4,"column":4},"end":{"line":6,"column":5}},{"start":{},"end":{}}],"line":4},"1":{"loc":{"start":{"line":7,"column":4},"end":{"line":9,"column":5}},"type":"if","locations":[{"start":{"line":7,"column":4},"end":{"line":9,"column":5}},{"start":{},"end":{}}],"line":7},"2":{"loc":{"start":{"line":13,"column":36},"end":{"line":13,"column":90}},"type":"cond-expr","locations":[{"start":{"line":13,"column":50},"end":{"line":13,"column":71}},{"start":{"line":13,"column":74},"end":{"line":13,"column":90}}],"line":13},"3":{"loc":{"start":{"line":19,"column":4},"end":{"line":30,"column":7}},"type":"switch","locations":[{"start":{"line":20,"column":5},"end":{"line":21,"column":65}},{"start":{"line":22,"column":5},"end":{"line":23,"column":111}},{"start":{"line":24,"column":5},"end":{"line":25,"column":85}},{"start":{"line":26,"column":5},"end":{"line":27,"column":50}},{"start":{"line":28,"column":7},"end":{"line":29,"column":60}}],"line":19}},"s":{"0":1,"1":13,"2":3,"3":10,"4":7,"5":3,"6":1,"7":15,"8":1,"9":5,"10":18,"11":15,"12":15,"13":15,"14":4,"15":4,"16":5,"17":2,"18":0,"19":1},"f":{"0":13,"1":15,"2":5,"3":18,"4":15,"5":1},"b":{"0":[3,10],"1":[7,3],"2":[11,4],"3":[4,4,5,2,0]},"_coverageSchema":"1a1c01bbd47fc00a2c39e90264f33305004495a9","hash":"b57a5fbb05286b8b5befacb23fa2f2a3d7705748"}
,"/home/shamatarev/Projects/frontend-project-46/src/formaters/stylish.js": {"path":"/home/shamatarev/Projects/frontend-project-46/src/formaters/stylish.js","statementMap":{"0":{"start":{"line":5,"column":15},"end":{"line":5,"column":18}},"1":{"start":{"line":7,"column":18},"end":{"line":10,"column":1}},"2":{"start":{"line":8,"column":15},"end":{"line":8,"column":24}},"3":{"start":{"line":9,"column":2},"end":{"line":9,"column":62}},"4":{"start":{"line":12,"column":18},"end":{"line":21,"column":1}},"5":{"start":{"line":14,"column":2},"end":{"line":16,"column":3}},"6":{"start":{"line":15,"column":4},"end":{"line":15,"column":24}},"7":{"start":{"line":17,"column":16},"end":{"line":19,"column":97}},"8":{"start":{"line":19,"column":27},"end":{"line":19,"column":96}},"9":{"start":{"line":20,"column":4},"end":{"line":20,"column":64}},"10":{"start":{"line":24,"column":25},"end":{"line":43,"column":7}},"11":{"start":{"line":24,"column":47},"end":{"line":43,"column":7}},"12":{"start":{"line":25,"column":17},"end":{"line":25,"column":28}},"13":{"start":{"line":29,"column":5},"end":{"line":42,"column":8}},"14":{"start":{"line":31,"column":8},"end":{"line":31,"column":143}},"15":{"start":{"line":33,"column":8},"end":{"line":33,"column":91}},"16":{"start":{"line":35,"column":8},"end":{"line":35,"column":160}},"17":{"start":{"line":37,"column":8},"end":{"line":37,"column":87}},"18":{"start":{"line":39,"column":8},"end":{"line":39,"column":87}},"19":{"start":{"line":41,"column":10},"end":{"line":41,"column":63}},"20":{"start":{"line":46,"column":2},"end":{"line":46,"column":56}}},"fnMap":{"0":{"name":"(anonymous_0)","decl":{"start":{"line":7,"column":18},"end":{"line":7,"column":19}},"loc":{"start":{"line":7,"column":43},"end":{"line":10,"column":1}},"line":7},"1":{"name":"(anonymous_1)","decl":{"start":{"line":12,"column":18},"end":{"line":12,"column":19}},"loc":{"start":{"line":12,"column":36},"end":{"line":21,"column":1}},"line":12},"2":{"name":"(anonymous_2)","decl":{"start":{"line":19,"column":9},"end":{"line":19,"column":10}},"loc":{"start":{"line":19,"column":27},"end":{"line":19,"column":96}},"line":19},"3":{"name":"(anonymous_3)","decl":{"start":{"line":24,"column":25},"end":{"line":24,"column":26}},"loc":{"start":{"line":24,"column":47},"end":{"line":43,"column":7}},"line":24},"4":{"name":"(anonymous_4)","decl":{"start":{"line":24,"column":57},"end":{"line":24,"column":58}},"loc":{"start":{"line":24,"column":68},"end":{"line":43,"column":6}},"line":24},"5":{"name":"drowTree","decl":{"start":{"line":45,"column":9},"end":{"line":45,"column":17}},"loc":{"start":{"line":45,"column":31},"end":{"line":47,"column":1}},"line":45}},"branchMap":{"0":{"loc":{"start":{"line":7,"column":26},"end":{"line":7,"column":38}},"type":"default-arg","locations":[{"start":{"line":7,"column":33},"end":{"line":7,"column":38}}],"line":7},"1":{"loc":{"start":{"line":9,"column":9},"end":{"line":9,"column":61}},"type":"cond-expr","locations":[{"start":{"line":9,"column":16},"end":{"line":9,"column":35}},{"start":{"line":9,"column":38},"end":{"line":9,"column":61}}],"line":9},"2":{"loc":{"start":{"line":14,"column":2},"end":{"line":16,"column":3}},"type":"if","locations":[{"start":{"line":14,"column":2},"end":{"line":16,"column":3}},{"start":{},"end":{}}],"line":14},"3":{"loc":{"start":{"line":24,"column":33},"end":{"line":24,"column":42}},"type":"default-arg","locations":[{"start":{"line":24,"column":41},"end":{"line":24,"column":42}}],"line":24},"4":{"loc":{"start":{"line":29,"column":5},"end":{"line":42,"column":8}},"type":"switch","locations":[{"start":{"line":30,"column":6},"end":{"line":31,"column":143}},{"start":{"line":32,"column":6},"end":{"line":33,"column":91}},{"start":{"line":34,"column":6},"end":{"line":35,"column":160}},{"start":{"line":36,"column":6},"end":{"line":37,"column":87}},{"start":{"line":38,"column":6},"end":{"line":39,"column":87}},{"start":{"line":40,"column":8},"end":{"line":41,"column":63}}],"line":29}},"s":{"0":1,"1":1,"2":42,"3":42,"4":1,"5":27,"6":20,"7":7,"8":9,"9":7,"10":1,"11":5,"12":18,"13":18,"14":4,"15":3,"16":4,"17":5,"18":2,"19":0,"20":1},"f":{"0":42,"1":27,"2":9,"3":5,"4":18,"5":1},"b":{"0":[15],"1":[27,15],"2":[20,7],"3":[1],"4":[4,3,4,5,2,0]},"_coverageSchema":"1a1c01bbd47fc00a2c39e90264f33305004495a9","hash":"240a043385aca6795929fb9f616e0d16f0c15c5d"}
}
