{"/home/shamatarev/Projects/frontend-project-46/src/designFormat.js": {"path":"/home/shamatarev/Projects/frontend-project-46/src/designFormat.js","statementMap":{"0":{"start":{"line":5,"column":18},"end":{"line":5,"column":67}},"1":{"start":{"line":5,"column":32},"end":{"line":5,"column":67}}},"fnMap":{"0":{"name":"(anonymous_0)","decl":{"start":{"line":5,"column":18},"end":{"line":5,"column":19}},"loc":{"start":{"line":5,"column":32},"end":{"line":5,"column":67}},"line":5}},"branchMap":{},"s":{"0":1,"1":4},"f":{"0":4},"b":{},"_coverageSchema":"1a1c01bbd47fc00a2c39e90264f33305004495a9","hash":"379e3d8791eb9780949cc24b4446a4b6c09f98a9"}
,"/home/shamatarev/Projects/frontend-project-46/src/designParse.js": {"path":"/home/shamatarev/Projects/frontend-project-46/src/designParse.js","statementMap":{"0":{"start":{"line":5,"column":18},"end":{"line":14,"column":1}},"1":{"start":{"line":6,"column":2},"end":{"line":13,"column":3}},"2":{"start":{"line":8,"column":6},"end":{"line":8,"column":30}},"3":{"start":{"line":10,"column":6},"end":{"line":10,"column":29}},"4":{"start":{"line":12,"column":6},"end":{"line":12,"column":82}}},"fnMap":{"0":{"name":"(anonymous_0)","decl":{"start":{"line":5,"column":18},"end":{"line":5,"column":19}},"loc":{"start":{"line":5,"column":36},"end":{"line":14,"column":1}},"line":5}},"branchMap":{"0":{"loc":{"start":{"line":6,"column":2},"end":{"line":13,"column":3}},"type":"switch","locations":[{"start":{"line":7,"column":4},"end":{"line":8,"column":30}},{"start":{"line":9,"column":4},"end":{"line":10,"column":29}},{"start":{"line":11,"column":4},"end":{"line":12,"column":82}}],"line":6}},"s":{"0":1,"1":4,"2":2,"3":2,"4":0},"f":{"0":4},"b":{"0":[2,2,0]},"_coverageSchema":"1a1c01bbd47fc00a2c39e90264f33305004495a9","hash":"a273401bc18accd07caa5381a19b86b5775a67ee"}
,"/home/shamatarev/Projects/frontend-project-46/src/designTree.js": {"path":"/home/shamatarev/Projects/frontend-project-46/src/designTree.js","statementMap":{"0":{"start":{"line":4,"column":27},"end":{"line":4,"column":45}},"1":{"start":{"line":5,"column":27},"end":{"line":5,"column":45}},"2":{"start":{"line":6,"column":25},"end":{"line":6,"column":74}},"3":{"start":{"line":12,"column":17},"end":{"line":50,"column":6}},"4":{"start":{"line":13,"column":19},"end":{"line":13,"column":29}},"5":{"start":{"line":15,"column":19},"end":{"line":15,"column":29}},"6":{"start":{"line":17,"column":4},"end":{"line":24,"column":5}},"7":{"start":{"line":19,"column":8},"end":{"line":23,"column":12}},"8":{"start":{"line":25,"column":4},"end":{"line":32,"column":5}},"9":{"start":{"line":27,"column":8},"end":{"line":31,"column":12}},"10":{"start":{"line":33,"column":7},"end":{"line":40,"column":5}},"11":{"start":{"line":35,"column":8},"end":{"line":39,"column":12}},"12":{"start":{"line":41,"column":4},"end":{"line":49,"column":9}},"13":{"start":{"line":43,"column":8},"end":{"line":48,"column":12}},"14":{"start":{"line":51,"column":0},"end":{"line":51,"column":14}}},"fnMap":{"0":{"name":"getIsEqual","decl":{"start":{"line":3,"column":9},"end":{"line":3,"column":19}},"loc":{"start":{"line":3,"column":34},"end":{"line":52,"column":1}},"line":3},"1":{"name":"(anonymous_1)","decl":{"start":{"line":12,"column":34},"end":{"line":12,"column":35}},"loc":{"start":{"line":12,"column":43},"end":{"line":50,"column":5}},"line":12}},"branchMap":{"0":{"loc":{"start":{"line":17,"column":4},"end":{"line":24,"column":5}},"type":"if","locations":[{"start":{"line":17,"column":4},"end":{"line":24,"column":5}},{"start":{},"end":{}}],"line":17},"1":{"loc":{"start":{"line":25,"column":4},"end":{"line":32,"column":5}},"type":"if","locations":[{"start":{"line":25,"column":4},"end":{"line":32,"column":5}},{"start":{},"end":{}}],"line":25},"2":{"loc":{"start":{"line":33,"column":7},"end":{"line":40,"column":5}},"type":"if","locations":[{"start":{"line":33,"column":7},"end":{"line":40,"column":5}},{"start":{},"end":{}}],"line":33},"3":{"loc":{"start":{"line":41,"column":4},"end":{"line":49,"column":9}},"type":"if","locations":[{"start":{"line":41,"column":4},"end":{"line":49,"column":9}},{"start":{},"end":{}}],"line":41}},"s":{"0":2,"1":2,"2":2,"3":2,"4":10,"5":10,"6":10,"7":2,"8":8,"9":2,"10":6,"11":4,"12":2,"13":2,"14":2},"f":{"0":2,"1":10},"b":{"0":[2,8],"1":[2,6],"2":[4,2],"3":[2,0]},"_coverageSchema":"1a1c01bbd47fc00a2c39e90264f33305004495a9","hash":"9d1a56ccfa9274040ff390ae44c243c9fbcdec64"}
,"/home/shamatarev/Projects/frontend-project-46/src/index.js": {"path":"/home/shamatarev/Projects/frontend-project-46/src/index.js","statementMap":{"0":{"start":{"line":10,"column":16},"end":{"line":10,"column":50}},"1":{"start":{"line":10,"column":26},"end":{"line":10,"column":50}},"2":{"start":{"line":12,"column":23},"end":{"line":12,"column":69}},"3":{"start":{"line":12,"column":33},"end":{"line":12,"column":69}},"4":{"start":{"line":19,"column":23},"end":{"line":19,"column":72}},"5":{"start":{"line":20,"column":23},"end":{"line":20,"column":72}},"6":{"start":{"line":23,"column":20},"end":{"line":23,"column":54}},"7":{"start":{"line":25,"column":25},"end":{"line":39,"column":7}},"8":{"start":{"line":26,"column":17},"end":{"line":26,"column":28}},"9":{"start":{"line":27,"column":5},"end":{"line":38,"column":8}},"10":{"start":{"line":29,"column":8},"end":{"line":29,"column":50}},"11":{"start":{"line":31,"column":10},"end":{"line":31,"column":88}},"12":{"start":{"line":33,"column":8},"end":{"line":33,"column":50}},"13":{"start":{"line":35,"column":8},"end":{"line":35,"column":50}},"14":{"start":{"line":37,"column":8},"end":{"line":37,"column":20}},"15":{"start":{"line":40,"column":2},"end":{"line":40,"column":44}}},"fnMap":{"0":{"name":"(anonymous_0)","decl":{"start":{"line":10,"column":16},"end":{"line":10,"column":17}},"loc":{"start":{"line":10,"column":26},"end":{"line":10,"column":50}},"line":10},"1":{"name":"(anonymous_1)","decl":{"start":{"line":12,"column":23},"end":{"line":12,"column":24}},"loc":{"start":{"line":12,"column":33},"end":{"line":12,"column":69}},"line":12},"2":{"name":"gendiff","decl":{"start":{"line":17,"column":9},"end":{"line":17,"column":16}},"loc":{"start":{"line":17,"column":31},"end":{"line":41,"column":1}},"line":17},"3":{"name":"(anonymous_3)","decl":{"start":{"line":25,"column":37},"end":{"line":25,"column":38}},"loc":{"start":{"line":25,"column":48},"end":{"line":39,"column":6}},"line":25}},"branchMap":{"0":{"loc":{"start":{"line":27,"column":5},"end":{"line":38,"column":8}},"type":"switch","locations":[{"start":{"line":28,"column":6},"end":{"line":29,"column":50}},{"start":{"line":30,"column":6},"end":{"line":31,"column":88}},{"start":{"line":32,"column":6},"end":{"line":33,"column":50}},{"start":{"line":34,"column":6},"end":{"line":35,"column":50}},{"start":{"line":36,"column":6},"end":{"line":37,"column":20}}],"line":27}},"s":{"0":1,"1":4,"2":1,"3":4,"4":2,"5":2,"6":2,"7":2,"8":10,"9":10,"10":2,"11":2,"12":2,"13":4,"14":0,"15":2},"f":{"0":4,"1":4,"2":2,"3":10},"b":{"0":[2,2,2,4,0]},"_coverageSchema":"1a1c01bbd47fc00a2c39e90264f33305004495a9","hash":"a0dd1e2937b115a4452add332787758ea21445b6"}
}
