TN:
SF:src/designFormat.js
FN:5,(anonymous_0)
FNF:1
FNH:1
FNDA:4,(anonymous_0)
DA:5,4
LF:1
LH:1
BRF:0
BRH:0
end_of_record
TN:
SF:src/designParse.js
FN:5,(anonymous_0)
FNF:1
FNH:1
FNDA:4,(anonymous_0)
DA:5,1
DA:6,4
DA:8,2
DA:10,2
DA:12,0
LF:5
LH:4
BRDA:6,0,0,2
BRDA:6,0,1,2
BRDA:6,0,2,0
BRF:3
BRH:2
end_of_record
TN:
SF:src/designTree.js
FN:3,getIsEqual
FN:12,(anonymous_1)
FNF:2
FNH:2
FNDA:2,getIsEqual
FNDA:10,(anonymous_1)
DA:4,2
DA:5,2
DA:6,2
DA:12,2
DA:13,10
DA:15,10
DA:17,10
DA:19,2
DA:25,8
DA:27,2
DA:33,6
DA:35,4
DA:41,2
DA:43,2
DA:51,2
LF:15
LH:15
BRDA:17,0,0,2
BRDA:17,0,1,8
BRDA:25,1,0,2
BRDA:25,1,1,6
BRDA:33,2,0,4
BRDA:33,2,1,2
BRDA:41,3,0,2
BRDA:41,3,1,0
BRF:8
BRH:7
end_of_record
TN:
SF:src/index.js
FN:12,(anonymous_0)
FN:17,gendiff
FN:40,(anonymous_2)
FNF:3
FNH:3
FNDA:4,(anonymous_0)
FNDA:2,gendiff
FNDA:10,(anonymous_2)
DA:12,4
DA:25,2
DA:26,2
DA:31,2
DA:32,2
DA:38,2
DA:40,2
DA:41,10
DA:42,10
DA:44,2
DA:46,2
DA:48,2
DA:50,4
DA:52,0
DA:55,2
LF:15
LH:14
BRDA:42,0,0,2
BRDA:42,0,1,2
BRDA:42,0,2,2
BRDA:42,0,3,4
BRDA:42,0,4,0
BRF:5
BRH:4
end_of_record
