TN:
SF:src/designFormat.js
FN:5,(anonymous_0)
FNF:1
FNH:1
FNDA:4,(anonymous_0)
DA:5,4
LF:1
LH:1
BRDA:5,0,0,0
BRF:1
BRH:0
end_of_record
TN:
SF:src/designParse.js
FN:5,(anonymous_0)
FNF:1
FNH:1
FNDA:4,(anonymous_0)
DA:5,1
DA:6,4
DA:8,4
DA:10,0
DA:12,0
LF:5
LH:3
BRDA:6,0,0,4
BRDA:6,0,1,0
BRDA:6,0,2,0
BRF:3
BRH:1
end_of_record
TN:
SF:src/designTree.js
FN:3,getIsEqual
FN:12,(anonymous_1)
FNF:2
FNH:2
FNDA:10,getIsEqual
FNDA:36,(anonymous_1)
DA:4,10
DA:5,10
DA:6,10
DA:12,10
DA:13,36
DA:14,36
DA:18,36
DA:21,8
DA:27,28
DA:29,6
DA:35,22
DA:37,10
DA:43,12
DA:45,4
DA:51,8
DA:53,8
DA:63,10
LF:17
LH:17
BRDA:18,0,0,8
BRDA:18,0,1,28
BRDA:18,1,0,36
BRDA:18,1,1,12
BRDA:27,2,0,6
BRDA:27,2,1,22
BRDA:35,3,0,10
BRDA:35,3,1,12
BRDA:43,4,0,4
BRDA:43,4,1,8
BRDA:51,5,0,8
BRDA:51,5,1,0
BRF:12
BRH:11
end_of_record
TN:
SF:src/index.js
FN:16,gendiff
FN:18,(anonymous_1)
FNF:2
FNH:2
FNDA:2,gendiff
FNDA:4,(anonymous_1)
DA:18,4
DA:20,2
DA:21,2
DA:26,2
DA:27,2
DA:32,2
DA:36,2
LF:7
LH:7
BRDA:16,0,0,0
BRF:1
BRH:0
end_of_record
TN:
SF:src/formaters/index.js
FN:6,(anonymous_0)
FNF:1
FNH:1
FNDA:2,(anonymous_0)
DA:7,2
DA:9,1
DA:11,1
DA:13,0
DA:15,0
LF:5
LH:3
BRDA:7,0,0,1
BRDA:7,0,1,1
BRDA:7,0,2,0
BRDA:7,0,3,0
BRF:4
BRH:2
end_of_record
TN:
SF:src/formaters/plain.js
FN:3,(anonymous_0)
FN:13,(anonymous_1)
FN:15,(anonymous_2)
FN:15,(anonymous_3)
FN:15,(anonymous_4)
FN:33,drowTreePlain
FNF:6
FNH:6
FNDA:13,(anonymous_0)
FNDA:15,(anonymous_1)
FNDA:5,(anonymous_2)
FNDA:18,(anonymous_3)
FNDA:15,(anonymous_4)
FNDA:1,drowTreePlain
DA:3,1
DA:4,13
DA:5,3
DA:7,10
DA:8,7
DA:10,3
DA:13,15
DA:15,18
DA:16,15
DA:17,15
DA:19,15
DA:21,4
DA:23,4
DA:25,5
DA:27,2
DA:29,0
DA:34,1
LF:17
LH:16
BRDA:4,0,0,3
BRDA:4,0,1,10
BRDA:7,1,0,7
BRDA:7,1,1,3
BRDA:13,2,0,11
BRDA:13,2,1,4
BRDA:19,3,0,4
BRDA:19,3,1,4
BRDA:19,3,2,5
BRDA:19,3,3,2
BRDA:19,3,4,0
BRF:11
BRH:10
end_of_record
TN:
SF:src/formaters/stylish.js
FN:7,(anonymous_0)
FN:12,(anonymous_1)
FN:19,(anonymous_2)
FN:24,(anonymous_3)
FN:24,(anonymous_4)
FN:45,drowTree
FNF:6
FNH:6
FNDA:42,(anonymous_0)
FNDA:27,(anonymous_1)
FNDA:9,(anonymous_2)
FNDA:5,(anonymous_3)
FNDA:18,(anonymous_4)
FNDA:1,drowTree
DA:5,1
DA:7,1
DA:8,42
DA:9,42
DA:12,1
DA:14,27
DA:15,20
DA:17,7
DA:19,9
DA:20,7
DA:24,5
DA:25,18
DA:29,18
DA:31,4
DA:33,3
DA:35,4
DA:37,5
DA:39,2
DA:41,0
DA:46,1
LF:20
LH:19
BRDA:7,0,0,15
BRDA:9,1,0,27
BRDA:9,1,1,15
BRDA:14,2,0,20
BRDA:14,2,1,7
BRDA:24,3,0,1
BRDA:29,4,0,4
BRDA:29,4,1,3
BRDA:29,4,2,4
BRDA:29,4,3,5
BRDA:29,4,4,2
BRDA:29,4,5,0
BRF:12
BRH:11
end_of_record
